{"/var/www/html/Vuedex/apuntes.js": {"path":"/var/www/html/Vuedex/apuntes.js","statementMap":{"0":{"start":{"line":6,"column":16},"end":{"line":6,"column":26}},"1":{"start":{"line":7,"column":11},"end":{"line":7,"column":21}},"2":{"start":{"line":34,"column":0},"end":{"line":45,"column":3}},"3":{"start":{"line":37,"column":4},"end":{"line":39,"column":7}},"4":{"start":{"line":41,"column":4},"end":{"line":43,"column":7}},"5":{"start":{"line":49,"column":0},"end":{"line":49,"column":32}},"6":{"start":{"line":52,"column":0},"end":{"line":52,"column":35}},"7":{"start":{"line":55,"column":0},"end":{"line":55,"column":19}},"8":{"start":{"line":58,"column":0},"end":{"line":58,"column":41}},"9":{"start":{"line":61,"column":0},"end":{"line":61,"column":6}},"10":{"start":{"line":64,"column":0},"end":{"line":64,"column":9}},"11":{"start":{"line":71,"column":0},"end":{"line":71,"column":9}}},"fnMap":{"0":{"name":"(anonymous_0)","decl":{"start":{"line":34,"column":51},"end":{"line":34,"column":52}},"loc":{"start":{"line":34,"column":55},"end":{"line":45,"column":1}},"line":34},"1":{"name":"(anonymous_1)","decl":{"start":{"line":37,"column":30},"end":{"line":37,"column":31}},"loc":{"start":{"line":37,"column":37},"end":{"line":39,"column":5}},"line":37},"2":{"name":"(anonymous_2)","decl":{"start":{"line":41,"column":35},"end":{"line":41,"column":36}},"loc":{"start":{"line":41,"column":42},"end":{"line":43,"column":5}},"line":41}},"branchMap":{},"s":{"0":0,"1":0,"2":0,"3":0,"4":0,"5":0,"6":0,"7":0,"8":0,"9":0,"10":0,"11":0},"f":{"0":0,"1":0,"2":0},"b":{},"hash":"64f292d63df5bbc676c0cd953d186918918c259e"}
,"/var/www/html/Vuedex/babel.config.js": {"path":"/var/www/html/Vuedex/babel.config.js","statementMap":{"0":{"start":{"line":1,"column":0},"end":{"line":5,"column":1}}},"fnMap":{},"branchMap":{},"s":{"0":0},"f":{},"b":{},"hash":"0ebdf89df4821e736a0d1e9ba7f39c925ed68771"}
,"/var/www/html/Vuedex/jest.config.js": {"path":"/var/www/html/Vuedex/jest.config.js","statementMap":{"0":{"start":{"line":1,"column":0},"end":{"line":5,"column":1}}},"fnMap":{},"branchMap":{},"s":{"0":0},"f":{},"b":{},"hash":"8698361cca411bcc56c6abda470cb4e273d5c89d"}
,"/var/www/html/Vuedex/jestTest.js": {"path":"/var/www/html/Vuedex/jestTest.js","statementMap":{"0":{"start":{"line":3,"column":4},"end":{"line":6,"column":5}},"1":{"start":{"line":14,"column":4},"end":{"line":17,"column":5}},"2":{"start":{"line":21,"column":0},"end":{"line":21,"column":36}}},"fnMap":{"0":{"name":"huevo","decl":{"start":{"line":1,"column":9},"end":{"line":1,"column":14}},"loc":{"start":{"line":1,"column":17},"end":{"line":8,"column":1}},"line":1},"1":{"name":"espinaca","decl":{"start":{"line":12,"column":9},"end":{"line":12,"column":17}},"loc":{"start":{"line":12,"column":20},"end":{"line":19,"column":1}},"line":12}},"branchMap":{},"s":{"0":0,"1":0,"2":0},"f":{"0":0,"1":0},"b":{},"hash":"e05ce73a0a9c6fc7c22ce183a018f0ee1e35ec54"}
,"/var/www/html/Vuedex/real-example.spec.js": {"path":"/var/www/html/Vuedex/real-example.spec.js","statementMap":{"0":{"start":{"line":7,"column":16},"end":{"line":7,"column":26}},"1":{"start":{"line":8,"column":11},"end":{"line":8,"column":21}},"2":{"start":{"line":10,"column":0},"end":{"line":27,"column":3}},"3":{"start":{"line":12,"column":1},"end":{"line":16,"column":5}},"4":{"start":{"line":14,"column":4},"end":{"line":14,"column":44}},"5":{"start":{"line":18,"column":2},"end":{"line":25,"column":5}},"6":{"start":{"line":20,"column":4},"end":{"line":23,"column":6}},"7":{"start":{"line":29,"column":0},"end":{"line":40,"column":2}},"8":{"start":{"line":31,"column":2},"end":{"line":38,"column":4}},"9":{"start":{"line":33,"column":22},"end":{"line":33,"column":35}},"10":{"start":{"line":34,"column":4},"end":{"line":34,"column":43}},"11":{"start":{"line":36,"column":4},"end":{"line":36,"column":43}}},"fnMap":{"0":{"name":"(anonymous_0)","decl":{"start":{"line":10,"column":51},"end":{"line":10,"column":52}},"loc":{"start":{"line":10,"column":55},"end":{"line":27,"column":1}},"line":10},"1":{"name":"(anonymous_1)","decl":{"start":{"line":12,"column":27},"end":{"line":12,"column":28}},"loc":{"start":{"line":12,"column":34},"end":{"line":16,"column":3}},"line":12},"2":{"name":"(anonymous_2)","decl":{"start":{"line":18,"column":33},"end":{"line":18,"column":34}},"loc":{"start":{"line":18,"column":40},"end":{"line":25,"column":3}},"line":18},"3":{"name":"(anonymous_3)","decl":{"start":{"line":29,"column":58},"end":{"line":29,"column":59}},"loc":{"start":{"line":29,"column":64},"end":{"line":40,"column":1}},"line":29},"4":{"name":"(anonymous_4)","decl":{"start":{"line":31,"column":32},"end":{"line":31,"column":33}},"loc":{"start":{"line":31,"column":38},"end":{"line":38,"column":3}},"line":31}},"branchMap":{},"s":{"0":0,"1":0,"2":0,"3":0,"4":0,"5":0,"6":0,"7":0,"8":0,"9":0,"10":0,"11":0},"f":{"0":0,"1":0,"2":0,"3":0,"4":0},"b":{},"hash":"2c6a25c9cc23699adb83540e0007d276be069a08"}
,"/var/www/html/Vuedex/public/mockCall.js": {"path":"/var/www/html/Vuedex/public/mockCall.js","statementMap":{"0":{"start":{"line":2,"column":1},"end":{"line":41,"column":1}},"1":{"start":{"line":43,"column":25},"end":{"line":43,"column":71}},"2":{"start":{"line":43,"column":31},"end":{"line":43,"column":71}},"3":{"start":{"line":43,"column":54},"end":{"line":43,"column":70}}},"fnMap":{"0":{"name":"(anonymous_0)","decl":{"start":{"line":43,"column":25},"end":{"line":43,"column":26}},"loc":{"start":{"line":43,"column":31},"end":{"line":43,"column":71}},"line":43},"1":{"name":"(anonymous_1)","decl":{"start":{"line":43,"column":43},"end":{"line":43,"column":44}},"loc":{"start":{"line":43,"column":54},"end":{"line":43,"column":70}},"line":43}},"branchMap":{},"s":{"0":4,"1":4,"2":4,"3":4},"f":{"0":4,"1":4},"b":{},"_coverageSchema":"43e27e138ebf9cfc5966b082cf9a028302ed4184","hash":"be403b7dec742a2980dc65de11c75b0b71969d4e"}
,"/var/www/html/Vuedex/src/App.vue": {"path":"/var/www/html/Vuedex/src/App.vue","statementMap":{"0":{"start":{"line":29,"column":0},"end":{"line":29,"column":null}},"1":{"start":{"line":30,"column":0},"end":{"line":30,"column":null}},"2":{"start":{"line":37,"column":0},"end":{"line":37,"column":null}},"3":{"start":{"line":50,"column":0},"end":{"line":50,"column":null}},"4":{"start":{"line":77,"column":0},"end":{"line":77,"column":null}},"5":{"start":{"line":78,"column":0},"end":{"line":90,"column":null}},"6":{"start":{"line":79,"column":0},"end":{"line":79,"column":null}},"7":{"start":{"line":80,"column":0},"end":{"line":80,"column":null}},"8":{"start":{"line":81,"column":0},"end":{"line":81,"column":null}},"9":{"start":{"line":82,"column":0},"end":{"line":82,"column":null}},"10":{"start":{"line":83,"column":0},"end":{"line":83,"column":null}},"11":{"start":{"line":84,"column":0},"end":{"line":84,"column":null}},"12":{"start":{"line":85,"column":0},"end":{"line":85,"column":null}},"13":{"start":{"line":86,"column":0},"end":{"line":86,"column":null}},"14":{"start":{"line":89,"column":0},"end":{"line":89,"column":null}},"15":{"start":{"line":98,"column":0},"end":{"line":103,"column":null}},"16":{"start":{"line":101,"column":0},"end":{"line":101,"column":null}},"17":{"start":{"line":102,"column":0},"end":{"line":102,"column":null}}},"fnMap":{"0":{"name":"(anonymous_1)","decl":{"start":{"line":36,"column":0},"end":{"line":36,"column":null}},"loc":{"start":{"line":36,"column":0},"end":{"line":47,"column":null}}},"1":{"name":"(anonymous_2)","decl":{"start":{"line":49,"column":0},"end":{"line":49,"column":null}},"loc":{"start":{"line":49,"column":0},"end":{"line":51,"column":null}}},"2":{"name":"(anonymous_3)","decl":{"start":{"line":76,"column":0},"end":{"line":76,"column":null}},"loc":{"start":{"line":76,"column":0},"end":{"line":91,"column":null}}},"3":{"name":"(anonymous_4)","decl":{"start":{"line":93,"column":0},"end":{"line":93,"column":null}},"loc":{"start":{"line":93,"column":0},"end":{"line":105,"column":null}}},"4":{"name":"(anonymous_5)","decl":{"start":{"line":98,"column":0},"end":{"line":98,"column":null}},"loc":{"start":{"line":98,"column":0},"end":{"line":103,"column":null}}}},"branchMap":{},"s":{"0":3,"1":3,"2":3,"3":6,"4":4,"5":4,"6":4,"7":4,"8":3,"9":3,"10":3,"11":3,"12":3,"13":3,"14":1,"15":3,"16":3,"17":3},"f":{"0":3,"1":6,"2":4,"3":3,"4":3},"b":{}}
,"/var/www/html/Vuedex/src/main.js": {"path":"/var/www/html/Vuedex/src/main.js","statementMap":{"0":{"start":{"line":4,"column":0},"end":{"line":4,"column":32}},"1":{"start":{"line":6,"column":0},"end":{"line":8,"column":17}},"2":{"start":{"line":7,"column":15},"end":{"line":7,"column":21}}},"fnMap":{"0":{"name":"(anonymous_0)","decl":{"start":{"line":7,"column":10},"end":{"line":7,"column":11}},"loc":{"start":{"line":7,"column":15},"end":{"line":7,"column":21}},"line":7}},"branchMap":{},"s":{"0":0,"1":0,"2":0},"f":{"0":0},"b":{},"hash":"4c9f8a65a0674349f7f946dc7ad8d7aab1cf1a6d"}
}
